<?xml version="1.0" encoding="UTF-8"?>
<testsuite xmlns:xsi="http://www.w3.org/2001/XMLSchema-instance" xsi:noNamespaceSchemaLocation="https://maven.apache.org/surefire/maven-surefire-plugin/xsd/surefire-test-report.xsd" name="com.recipeexample.demo.service.RecipeServiceTest" time="0.007" tests="2" errors="0" skipped="0" failures="0">
  <properties>
[...]
</properties>
  <testcase name="getRecipeBtTitleTest" classname="com.recipeexample.demo.service.RecipeServiceTest" time="0"/>
  <testcase name="ListAllRecipeTest" classname="com.recipeexample.demo.service.RecipeServiceTest" time="0"/>
</testsuite>